[2025-08-18 15:24:38,971] INFO [django.utils.autoreload:667] Watching for file changes with StatReloader
[2025-08-18 15:24:49,160] INFO [django.utils.autoreload:667] Watching for file changes with StatReloader
[2025-08-18 15:24:53,057] INFO [django.server:213] "GET /swagger-ui/ HTTP/1.1" 200 4635
[2025-08-18 15:24:53,339] INFO [django.server:213] "GET /schema/ HTTP/1.1" 200 18197
[2025-08-18 15:25:00,975] ERROR [django.request:253] Internal Server Error: /api/api-view/register/
[2025-08-18 15:25:00,977] ERROR [django.server:213] "POST /api/api-view/register/ HTTP/1.1" 500 108
[2025-08-18 15:26:47,716] ERROR [django.request:253] Internal Server Error: /api/api-view/register/
[2025-08-18 15:26:47,717] ERROR [django.server:213] "POST /api/api-view/register/ HTTP/1.1" 500 108
[2025-08-18 15:27:56,797] INFO [django.utils.autoreload:667] Watching for file changes with StatReloader
[2025-08-18 15:28:00,814] INFO [django.server:213] "GET /swagger-ui/ HTTP/1.1" 200 4635
[2025-08-18 15:28:01,111] INFO [django.server:213] "GET /schema/ HTTP/1.1" 200 18197
[2025-08-18 15:32:56,159] INFO [django.utils.autoreload:667] Watching for file changes with StatReloader
[2025-08-18 15:32:58,136] WARNING [django.request:253] Not Found: /
[2025-08-18 15:32:58,136] WARNING [django.server:213] "GET / HTTP/1.1" 404 2809
[2025-08-18 15:33:01,285] INFO [django.server:213] "GET /swagger-ui/ HTTP/1.1" 200 4635
[2025-08-18 15:33:01,396] INFO [django.server:213] "GET /schema/ HTTP/1.1" 200 18197
[2025-08-18 15:33:32,611] ERROR [django.request:253] Internal Server Error: /api/api-view/register/
[2025-08-18 15:33:32,612] ERROR [django.server:213] "POST /api/api-view/register/ HTTP/1.1" 500 108
[2025-08-18 15:35:15,177] INFO [django.utils.autoreload:667] Watching for file changes with StatReloader
[2025-08-18 15:35:25,513] INFO [django.server:213] "GET /swagger-ui/ HTTP/1.1" 200 4635
[2025-08-18 15:35:25,867] INFO [django.server:213] "GET /schema/ HTTP/1.1" 200 18197
[2025-08-18 15:35:34,211] ERROR [django.request:253] Internal Server Error: /api/api-view/register/
[2025-08-18 15:35:34,212] ERROR [django.server:213] "POST /api/api-view/register/ HTTP/1.1" 500 108
[2025-08-18 15:38:10,549] INFO [django.utils.autoreload:265] C:\Users\hai.nguyen12\Project\Social-platform\backend\social_app\users\serializers.py changed, reloading.
[2025-08-18 15:38:11,155] INFO [django.utils.autoreload:667] Watching for file changes with StatReloader
[2025-08-18 15:38:13,656] INFO [django.server:213] "GET /swagger-ui/ HTTP/1.1" 200 4635
[2025-08-18 15:38:13,822] INFO [django.server:213] "GET /schema/ HTTP/1.1" 200 18197
[2025-08-18 15:38:19,706] INFO [django.server:213] "POST /api/api-view/register/ HTTP/1.1" 201 105
[2025-08-18 15:46:34,264] INFO [django.utils.autoreload:265] C:\Users\hai.nguyen12\Project\Social-platform\backend\social_app\users\views.py changed, reloading.
[2025-08-18 15:46:34,901] INFO [django.utils.autoreload:667] Watching for file changes with StatReloader
[2025-08-18 15:46:39,733] INFO [django.utils.autoreload:265] C:\Users\hai.nguyen12\Project\Social-platform\backend\social_app\users\views.py changed, reloading.
[2025-08-18 15:46:40,351] INFO [django.utils.autoreload:667] Watching for file changes with StatReloader
[2025-08-18 15:46:46,645] INFO [django.server:213] "GET /swagger-ui/ HTTP/1.1" 200 4635
[2025-08-18 15:46:46,983] INFO [django.server:213] "GET /schema/ HTTP/1.1" 200 18197
[2025-08-18 15:46:56,922] WARNING [django.request:253] Bad Request: /api/api-view/register/
[2025-08-18 15:46:56,923] WARNING [django.server:213] "POST /api/api-view/register/ HTTP/1.1" 400 153
[2025-08-18 15:47:33,619] INFO [django.utils.autoreload:265] C:\Users\hai.nguyen12\Project\Social-platform\backend\social_app\users\views.py changed, reloading.
[2025-08-18 15:47:34,236] INFO [django.utils.autoreload:667] Watching for file changes with StatReloader
[2025-08-18 15:47:40,647] INFO [django.server:213] "POST /api/api-view/register/ HTTP/1.1" 201 105
[2025-08-18 15:50:04,507] INFO [django.utils.autoreload:265] C:\Users\hai.nguyen12\Project\Social-platform\backend\social_app\social_app\settings\base.py changed, reloading.
[2025-08-18 15:50:05,243] INFO [django.utils.autoreload:667] Watching for file changes with StatReloader
[2025-08-18 15:51:29,119] INFO [django.utils.autoreload:265] C:\Users\hai.nguyen12\Project\Social-platform\backend\social_app\social_app\settings\base.py changed, reloading.
[2025-08-18 15:51:29,808] INFO [django.utils.autoreload:667] Watching for file changes with StatReloader
[2025-08-18 15:51:57,312] INFO [django.utils.autoreload:265] C:\Users\hai.nguyen12\Project\Social-platform\backend\social_app\social_app\settings\base.py changed, reloading.
[2025-08-18 15:51:57,963] INFO [django.utils.autoreload:667] Watching for file changes with StatReloader
[2025-08-18 15:52:32,054] INFO [django.utils.autoreload:265] C:\Users\hai.nguyen12\Project\Social-platform\backend\social_app\social_app\settings\base.py changed, reloading.
[2025-08-18 15:52:32,619] INFO [django.utils.autoreload:667] Watching for file changes with StatReloader
[2025-08-18 15:52:40,596] INFO [django.utils.autoreload:265] C:\Users\hai.nguyen12\Project\Social-platform\backend\social_app\social_app\settings\base.py changed, reloading.
[2025-08-18 15:52:41,499] INFO [django.utils.autoreload:667] Watching for file changes with StatReloader
[2025-08-18 15:52:49,718] INFO [django.utils.autoreload:265] C:\Users\hai.nguyen12\Project\Social-platform\backend\social_app\social_app\settings\base.py changed, reloading.
[2025-08-18 15:52:50,323] INFO [django.utils.autoreload:667] Watching for file changes with StatReloader
[2025-08-18 15:53:29,185] INFO [django.utils.autoreload:265] C:\Users\hai.nguyen12\Project\Social-platform\backend\social_app\social_app\settings\base.py changed, reloading.
[2025-08-18 15:53:29,838] INFO [django.utils.autoreload:667] Watching for file changes with StatReloader
[2025-08-18 15:53:53,000] INFO [django.utils.autoreload:265] C:\Users\hai.nguyen12\Project\Social-platform\backend\social_app\social_app\settings\base.py changed, reloading.
[2025-08-18 15:53:53,659] INFO [django.utils.autoreload:667] Watching for file changes with StatReloader
[2025-08-18 15:55:24,874] INFO [django.utils.autoreload:265] C:\Users\hai.nguyen12\Project\Social-platform\backend\social_app\social_app\settings\base.py changed, reloading.
[2025-08-18 15:55:25,433] INFO [django.utils.autoreload:667] Watching for file changes with StatReloader
[2025-08-18 15:58:13,051] INFO [django.utils.autoreload:265] C:\Users\hai.nguyen12\Project\Social-platform\backend\social_app\social_app\settings\base.py changed, reloading.
[2025-08-18 16:01:52,286] INFO [django.utils.autoreload:667] Watching for file changes with StatReloader
[2025-08-18 16:02:03,449] INFO [django.utils.autoreload:265] C:\Users\hai.nguyen12\Project\Social-platform\backend\social_app\social_app\settings\base.py changed, reloading.
[2025-08-18 16:02:04,042] INFO [django.utils.autoreload:667] Watching for file changes with StatReloader
[2025-08-18 16:02:07,443] INFO [django.server:213] "GET /swagger-ui/ HTTP/1.1" 200 4635
[2025-08-18 16:02:07,783] INFO [django.server:213] "GET /schema/ HTTP/1.1" 200 18197
[2025-08-18 16:04:20,022] INFO [django.server:213] "POST /api/api-view/register/ HTTP/1.1" 201 105
[2025-08-18 16:06:04,828] INFO [myapp:71] User test22 logged in successfully
[2025-08-18 16:06:04,830] INFO [django.server:213] "POST /api/api-view/login/ HTTP/1.1" 200 590
[2025-08-18 16:07:13,722] INFO [django.utils.autoreload:265] C:\Users\hai.nguyen12\Project\Social-platform\backend\social_app\users\views.py changed, reloading.
[2025-08-18 16:07:14,790] INFO [django.utils.autoreload:667] Watching for file changes with StatReloader
[2025-08-18 16:07:56,100] INFO [django.utils.autoreload:265] C:\Users\hai.nguyen12\Project\Social-platform\backend\social_app\users\views.py changed, reloading.
[2025-08-18 16:07:56,755] INFO [django.utils.autoreload:667] Watching for file changes with StatReloader
[2025-08-18 16:08:02,654] INFO [django.utils.autoreload:265] C:\Users\hai.nguyen12\Project\Social-platform\backend\social_app\users\views.py changed, reloading.
[2025-08-18 16:08:03,338] INFO [django.utils.autoreload:667] Watching for file changes with StatReloader
[2025-08-18 16:09:54,754] INFO [django.utils.autoreload:265] C:\Users\hai.nguyen12\Project\Social-platform\backend\social_app\users\views.py changed, reloading.
[2025-08-18 16:09:55,336] INFO [django.utils.autoreload:667] Watching for file changes with StatReloader
[2025-08-18 16:10:00,231] INFO [django.utils.autoreload:265] C:\Users\hai.nguyen12\Project\Social-platform\backend\social_app\users\views.py changed, reloading.
[2025-08-18 16:10:00,925] INFO [django.utils.autoreload:667] Watching for file changes with StatReloader
[2025-08-18 16:10:09,107] INFO [django.utils.autoreload:265] C:\Users\hai.nguyen12\Project\Social-platform\backend\social_app\users\views.py changed, reloading.
[2025-08-18 16:10:09,813] INFO [django.utils.autoreload:667] Watching for file changes with StatReloader
[2025-08-18 16:10:10,872] INFO [django.server:213] "GET /swagger-ui/ HTTP/1.1" 200 4635
[2025-08-18 16:10:11,237] INFO [django.server:213] "GET /schema/ HTTP/1.1" 200 18197
[2025-08-18 16:10:21,215] INFO [myapp:73] User string logged in successfully
[2025-08-18 16:10:21,216] INFO [django.server:213] "POST /api/api-view/login/ HTTP/1.1" 200 590
[2025-08-18 16:12:07,956] INFO [django.server:213] "GET /api/api-view/protected/ HTTP/1.1" 200 90
[2025-08-18 16:13:31,764] WARNING [django.request:253] Unauthorized: /api/api-view/token/refresh
[2025-08-18 16:13:31,766] WARNING [django.server:213] "POST /api/api-view/token/refresh HTTP/1.1" 401 250
[2025-08-18 16:14:15,498] INFO [myapp:101] Successfully refresh token!
[2025-08-18 16:14:15,500] INFO [django.server:213] "POST /api/api-view/token/refresh HTTP/1.1" 200 560
[2025-08-18 16:29:12,835] INFO [django.utils.autoreload:667] Watching for file changes with StatReloader
[2025-08-18 16:29:15,804] INFO [django.server:213] "GET /swagger-ui/ HTTP/1.1" 200 17819
[2025-08-18 16:29:15,834] INFO [django.server:213] "GET /static/debug_toolbar/css/toolbar.css HTTP/1.1" 200 29468
[2025-08-18 16:29:15,836] INFO [django.server:213] "GET /static/debug_toolbar/js/toolbar.js HTTP/1.1" 200 14879
[2025-08-18 16:29:16,113] INFO [django.server:213] "GET /static/debug_toolbar/css/print.css HTTP/1.1" 200 43
[2025-08-18 16:29:16,129] INFO [django.server:213] "GET /static/debug_toolbar/js/utils.js HTTP/1.1" 200 4700
[2025-08-18 16:29:16,184] INFO [django.server:213] "GET /schema/ HTTP/1.1" 200 18197
[2025-08-19 14:38:54,323] WARNING [django.request:253] Not Found: /
[2025-08-19 14:38:54,449] WARNING [django.request:253] Not Found: /static/debug_toolbar/css/toolbar.css
[2025-08-19 14:38:54,470] WARNING [django.request:253] Not Found: /static/debug_toolbar/js/toolbar.js
[2025-08-19 14:38:54,470] WARNING [django.request:253] Not Found: /static/debug_toolbar/css/print.css
[2025-08-19 14:38:54,519] WARNING [django.request:253] Not Found: /favicon.ico
[2025-08-19 14:39:08,498] WARNING [django.request:253] Not Found: /
[2025-08-19 14:39:08,571] WARNING [django.request:253] Not Found: /static/debug_toolbar/css/toolbar.css
[2025-08-19 14:39:08,578] WARNING [django.request:253] Not Found: /static/debug_toolbar/js/toolbar.js
[2025-08-19 14:39:08,586] WARNING [django.request:253] Not Found: /static/debug_toolbar/css/print.css
[2025-08-19 14:39:13,220] WARNING [django.request:253] Not Found: /static/debug_toolbar/css/toolbar.css
[2025-08-19 14:39:13,220] WARNING [django.request:253] Not Found: /static/debug_toolbar/js/toolbar.js
[2025-08-19 14:39:13,385] WARNING [django.request:253] Not Found: /static/debug_toolbar/css/print.css
[2025-08-19 14:39:13,394] WARNING [django.request:253] Not Found: /static/debug_toolbar/css/toolbar.css
[2025-08-19 14:41:35,487] WARNING [django.request:253] Not Found: /
[2025-08-19 14:41:35,622] WARNING [django.request:253] Not Found: /static/debug_toolbar/css/toolbar.css
[2025-08-19 14:41:35,634] WARNING [django.request:253] Not Found: /static/debug_toolbar/js/toolbar.js
[2025-08-19 14:41:35,644] WARNING [django.request:253] Not Found: /static/debug_toolbar/css/print.css
[2025-08-19 14:41:43,481] WARNING [django.request:253] Not Found: /static/debug_toolbar/css/toolbar.css
[2025-08-19 14:41:43,490] WARNING [django.request:253] Not Found: /static/debug_toolbar/js/toolbar.js
[2025-08-19 14:41:43,644] WARNING [django.request:253] Not Found: /static/debug_toolbar/css/print.css
[2025-08-19 14:41:43,645] WARNING [django.request:253] Not Found: /static/debug_toolbar/css/toolbar.css
[2025-08-19 14:41:53,049] INFO [myapp:73] User string logged in successfully
[2025-08-19 15:10:16,613] WARNING [django.request:253] Not Found: /
[2025-08-19 15:10:16,735] WARNING [django.request:253] Not Found: /static/debug_toolbar/css/toolbar.css
[2025-08-19 15:10:16,751] WARNING [django.request:253] Not Found: /static/debug_toolbar/css/print.css
[2025-08-19 15:10:16,751] WARNING [django.request:253] Not Found: /static/debug_toolbar/js/toolbar.js
[2025-08-19 15:10:29,884] WARNING [django.request:253] Not Found: /chat/general/
[2025-08-19 15:10:29,964] WARNING [django.request:253] Not Found: /static/debug_toolbar/css/toolbar.css
[2025-08-19 15:10:29,973] WARNING [django.request:253] Not Found: /static/debug_toolbar/js/toolbar.js
[2025-08-19 15:10:29,983] WARNING [django.request:253] Not Found: /static/debug_toolbar/css/print.css
[2025-08-19 15:10:56,025] WARNING [django.request:253] Not Found: /chat/general/
[2025-08-19 15:10:56,073] WARNING [django.request:253] Not Found: /static/debug_toolbar/css/toolbar.css
[2025-08-19 15:10:56,110] WARNING [django.request:253] Not Found: /static/debug_toolbar/js/toolbar.js
[2025-08-19 15:10:56,118] WARNING [django.request:253] Not Found: /static/debug_toolbar/css/print.css
[2025-08-19 15:13:39,492] WARNING [django.request:253] Not Found: /chat/general/
[2025-08-19 15:13:39,574] WARNING [django.request:253] Not Found: /static/debug_toolbar/css/toolbar.css
[2025-08-19 15:13:39,574] WARNING [django.request:253] Not Found: /static/debug_toolbar/js/toolbar.js
[2025-08-19 15:13:39,586] WARNING [django.request:253] Not Found: /static/debug_toolbar/css/print.css
[2025-08-19 15:13:42,433] WARNING [django.request:253] Not Found: /chat/general/
[2025-08-19 15:13:42,537] WARNING [django.request:253] Not Found: /static/debug_toolbar/css/toolbar.css
[2025-08-19 15:13:42,538] WARNING [django.request:253] Not Found: /static/debug_toolbar/css/print.css
[2025-08-19 15:13:42,546] WARNING [django.request:253] Not Found: /static/debug_toolbar/js/toolbar.js
[2025-08-19 15:14:15,791] WARNING [django.request:253] Not Found: /chat/
[2025-08-19 15:14:15,871] WARNING [django.request:253] Not Found: /static/debug_toolbar/css/toolbar.css
[2025-08-19 15:14:15,884] WARNING [django.request:253] Not Found: /static/debug_toolbar/css/print.css
[2025-08-19 15:14:15,885] WARNING [django.request:253] Not Found: /static/debug_toolbar/js/toolbar.js
[2025-08-19 15:15:00,503] WARNING [django.request:253] Not Found: /static/debug_toolbar/css/toolbar.css
[2025-08-19 15:15:18,254] WARNING [django.request:253] Not Found: /chat/room
[2025-08-19 15:15:18,340] WARNING [django.request:253] Not Found: /static/debug_toolbar/css/print.css
[2025-08-19 15:15:18,340] WARNING [django.request:253] Not Found: /static/debug_toolbar/css/toolbar.css
[2025-08-19 15:15:18,350] WARNING [django.request:253] Not Found: /static/debug_toolbar/js/toolbar.js
[2025-08-19 15:15:21,555] WARNING [django.request:253] Not Found: /chat/room1
[2025-08-19 15:15:21,654] WARNING [django.request:253] Not Found: /static/debug_toolbar/css/print.css
[2025-08-19 15:15:21,658] WARNING [django.request:253] Not Found: /static/debug_toolbar/css/toolbar.css
[2025-08-19 15:15:21,659] WARNING [django.request:253] Not Found: /static/debug_toolbar/js/toolbar.js
[2025-08-19 15:24:56,275] WARNING [django.request:253] Not Found: /chat/room1
[2025-08-19 15:24:56,352] WARNING [django.request:253] Not Found: /static/debug_toolbar/js/toolbar.js
[2025-08-19 15:24:56,359] WARNING [django.request:253] Not Found: /static/debug_toolbar/css/toolbar.css
[2025-08-19 15:24:56,368] WARNING [django.request:253] Not Found: /static/debug_toolbar/css/print.css
[2025-08-19 15:30:03,669] WARNING [django.request:253] Not Found: /chat/room1
[2025-08-19 15:30:03,769] WARNING [django.request:253] Not Found: /static/debug_toolbar/css/print.css
[2025-08-19 15:30:03,770] WARNING [django.request:253] Not Found: /static/debug_toolbar/css/toolbar.css
[2025-08-19 15:30:03,770] WARNING [django.request:253] Not Found: /static/debug_toolbar/js/toolbar.js
[2025-08-19 15:30:09,792] WARNING [django.request:253] Not Found: /static/debug_toolbar/css/toolbar.css
[2025-08-19 15:30:09,799] WARNING [django.request:253] Not Found: /static/debug_toolbar/js/toolbar.js
[2025-08-19 15:30:09,963] WARNING [django.request:253] Not Found: /static/debug_toolbar/css/print.css
[2025-08-19 15:30:09,972] WARNING [django.request:253] Not Found: /static/debug_toolbar/css/toolbar.css
[2025-08-19 15:30:45,990] WARNING [django.request:253] Not Found: /
[2025-08-19 15:30:46,106] WARNING [django.request:253] Not Found: /static/debug_toolbar/css/toolbar.css
[2025-08-19 15:30:46,117] WARNING [django.request:253] Not Found: /static/debug_toolbar/js/toolbar.js
[2025-08-19 15:30:46,126] WARNING [django.request:253] Not Found: /static/debug_toolbar/css/print.css
[2025-08-19 15:30:48,085] WARNING [django.request:253] Not Found: /static/debug_toolbar/css/toolbar.css
[2025-08-19 15:30:48,086] WARNING [django.request:253] Not Found: /static/debug_toolbar/js/toolbar.js
[2025-08-19 15:30:48,247] WARNING [django.request:253] Not Found: /static/debug_toolbar/css/toolbar.css
[2025-08-19 15:30:48,255] WARNING [django.request:253] Not Found: /static/debug_toolbar/css/print.css
[2025-08-19 15:30:51,173] WARNING [django.request:253] Not Found: /chat/room1
[2025-08-19 15:30:51,257] WARNING [django.request:253] Not Found: /static/debug_toolbar/css/toolbar.css
[2025-08-19 15:30:51,268] WARNING [django.request:253] Not Found: /static/debug_toolbar/css/print.css
[2025-08-19 15:30:51,276] WARNING [django.request:253] Not Found: /static/debug_toolbar/js/toolbar.js
[2025-08-19 15:32:21,393] WARNING [django.request:253] Not Found: /chat/room1
[2025-08-19 15:32:21,472] WARNING [django.request:253] Not Found: /static/debug_toolbar/css/toolbar.css
[2025-08-19 15:32:21,487] WARNING [django.request:253] Not Found: /static/debug_toolbar/js/toolbar.js
[2025-08-19 15:32:21,488] WARNING [django.request:253] Not Found: /static/debug_toolbar/css/print.css
[2025-08-19 15:32:22,660] WARNING [django.request:253] Not Found: /chat/room1
[2025-08-19 15:32:22,745] WARNING [django.request:253] Not Found: /static/debug_toolbar/css/toolbar.css
[2025-08-19 15:32:22,746] WARNING [django.request:253] Not Found: /static/debug_toolbar/js/toolbar.js
[2025-08-19 15:32:22,756] WARNING [django.request:253] Not Found: /static/debug_toolbar/css/print.css
[2025-08-19 15:32:36,610] WARNING [django.request:253] Not Found: /chat/chat_room
[2025-08-19 15:32:36,690] WARNING [django.request:253] Not Found: /static/debug_toolbar/js/toolbar.js
[2025-08-19 15:32:36,690] WARNING [django.request:253] Not Found: /static/debug_toolbar/css/toolbar.css
[2025-08-19 15:32:36,698] WARNING [django.request:253] Not Found: /static/debug_toolbar/css/print.css
[2025-08-19 15:32:40,936] WARNING [django.request:253] Not Found: /chat/chat_room.html/
[2025-08-19 15:32:41,017] WARNING [django.request:253] Not Found: /static/debug_toolbar/css/toolbar.css
[2025-08-19 15:32:41,033] WARNING [django.request:253] Not Found: /static/debug_toolbar/js/toolbar.js
[2025-08-19 15:32:41,034] WARNING [django.request:253] Not Found: /static/debug_toolbar/css/print.css
[2025-08-19 15:32:45,014] WARNING [django.request:253] Not Found: /chat/chat_room.html/
[2025-08-19 15:32:45,093] WARNING [django.request:253] Not Found: /static/debug_toolbar/css/print.css
[2025-08-19 15:32:45,093] WARNING [django.request:253] Not Found: /static/debug_toolbar/js/toolbar.js
[2025-08-19 15:32:45,100] WARNING [django.request:253] Not Found: /static/debug_toolbar/css/toolbar.css
[2025-08-19 15:33:28,340] WARNING [django.request:253] Not Found: /chat/chat_room.html/
[2025-08-19 15:33:28,413] WARNING [django.request:253] Not Found: /static/debug_toolbar/css/toolbar.css
[2025-08-19 15:33:28,425] WARNING [django.request:253] Not Found: /static/debug_toolbar/css/print.css
[2025-08-19 15:33:28,425] WARNING [django.request:253] Not Found: /static/debug_toolbar/js/toolbar.js
[2025-08-19 15:38:48,521] WARNING [django.request:253] Not Found: /chat/general/
[2025-08-19 15:38:48,624] WARNING [django.request:253] Not Found: /static/debug_toolbar/css/toolbar.css
[2025-08-19 15:38:48,634] WARNING [django.request:253] Not Found: /static/debug_toolbar/css/print.css
[2025-08-19 15:38:48,641] WARNING [django.request:253] Not Found: /static/debug_toolbar/js/toolbar.js
[2025-08-19 15:38:54,414] WARNING [django.request:253] Not Found: /chat/room1
[2025-08-19 15:38:54,490] WARNING [django.request:253] Not Found: /static/debug_toolbar/css/toolbar.css
[2025-08-19 15:38:54,498] WARNING [django.request:253] Not Found: /static/debug_toolbar/css/print.css
[2025-08-19 15:38:54,507] WARNING [django.request:253] Not Found: /static/debug_toolbar/js/toolbar.js
[2025-08-19 15:39:09,025] WARNING [django.request:253] Not Found: /
[2025-08-19 15:39:09,232] WARNING [django.request:253] Not Found: /static/debug_toolbar/css/print.css
[2025-08-19 15:39:09,232] WARNING [django.request:253] Not Found: /static/debug_toolbar/js/toolbar.js
[2025-08-19 15:39:09,232] WARNING [django.request:253] Not Found: /static/debug_toolbar/css/toolbar.css
[2025-08-19 15:39:11,356] WARNING [django.request:253] Not Found: /static/debug_toolbar/css/toolbar.css
[2025-08-19 15:39:11,363] WARNING [django.request:253] Not Found: /static/debug_toolbar/js/toolbar.js
[2025-08-19 15:39:11,581] WARNING [django.request:253] Not Found: /static/debug_toolbar/css/print.css
[2025-08-19 15:39:11,581] WARNING [django.request:253] Not Found: /static/debug_toolbar/css/toolbar.css
